<?xml version="1.0" encoding="UTF-8" ?>
<testsuites>
 <testsuite name="test1_script" package="1154504.suite" timestamp="2023-09-05 11:26:18.969 +0100"
 tests="1"  failures="1" errors="1" time="14.085596">
  <properties>
   <property name="RunDate" value="2023-09-05 11:26:18.969 +0100"/>
   <property name="Status" value="Failure"/>
  </properties>
  <testcase name="test1.script" assertions="1" status="error"  time="14.081481">
    <failure type="FAILURE" message="Image Not Found: waitfor Error - Unable To Find Any Image On Screen &quot;(TEXT:&quot;京东 SKU&quot;)&quot; within 5.00 seconds. Text not found.  Restricted Search Rectangle ((463,274),(1675,329))\n -- Execution Time 0:00:14 test1.script" />
    <error type="Exception" message="Unable To Find Any Image On Screen &quot;(TEXT:&quot;京东 SKU&quot;)&quot; within 5.00 seconds. Text not found." />
  </testcase>
 </testsuite>
</testsuites>
